<?xml version="1.0" encoding="UTF-8"?>
<testsuite xmlns:xsi="http://www.w3.org/2001/XMLSchema-instance" xsi:noNamespaceSchemaLocation="https://maven.apache.org/surefire/maven-surefire-plugin/xsd/surefire-test-report.xsd" name="ru.netology.service.ManagerTest" time="0.231" tests="4" errors="0" skipped="0" failures="0">
  <properties>
[...]
</properties>
  <testcase name="findAllTest" classname="ru.netology.service.ManagerTest" time="0.137"/>
  <testcase name="findLastTestLimitLess" classname="ru.netology.service.ManagerTest" time="0.002"/>
  <testcase name="findLastTestLimitMore" classname="ru.netology.service.ManagerTest" time="0.002"/>
  <testcase name="findLastTestLimitEquals" classname="ru.netology.service.ManagerTest" time="0.003"/>
</testsuite>